2026-04-23 10:29:10 [INFO] MySQL connection pool created
2026-04-23 10:29:10 [INFO] gantt-node-server started on port 3001
2026-04-23 10:29:15 [INFO] Project 19993 auto_schedule_tasks = false – skipping recalculation
2026-04-23 10:29:15 [INFO] [92bcec0d] POST /api/gantt/recalculate-impact - 1227ms - 200 {"requestBody":{"workspace_id":1187,"project_id":19993,"task_id":39187},"responseBody":{"success":true,"message":"Impact recalculation complete","data":{"updatedTasks":[],"impactedTaskIds":[],"message":"auto_schedule_tasks is disabled for this project"}}}
2026-04-23 10:32:10 [ERROR] DB Query Error {"sql":"\n        SELECT \n            t.id,\n            t.name AS text,\n            t.start_at,\n            t.due_at,\n            t.parent_id AS parent,\n            t.constraint_type,\n            t.constraint_date,\n            t.time_used,\n            t.progress\n        FROM ph_tasks t\n        WHERE t.workspace_id = ? \n          AND t.deleted_at IS NULL\n          AND (\n              t.id IN (\n                  SELECT task_id FROM ph_project_tasks \n                  WHERE project_id = ? AND workspace_id = ?\n              )\n              OR t.root_id IN (\n                  SELECT task_id FROM ph_project_tasks \n                  WHERE project_id = ? AND workspace_id = ?\n              )\n          )\n        ORDER BY t.id\n    ","params":[1187,19993,1187,19993,1187],"error":"Unknown column 't.constraint_type' in 'field list'"}
2026-04-23 10:32:10 [ERROR] [recalculateImpact] Error: Unknown column 't.constraint_type' in 'field list' {"code":"ER_BAD_FIELD_ERROR","errno":1054,"sqlState":"42S22","sqlMessage":"Unknown column 't.constraint_type' in 'field list'","sql":"\n        SELECT \n            t.id,\n            t.name AS text,\n            t.start_at,\n            t.due_at,\n            t.parent_id AS parent,\n            t.constraint_type,\n            t.constraint_date,\n            t.time_used,\n            t.progress\n        FROM ph_tasks t\n        WHERE t.workspace_id = 1187 \n          AND t.deleted_at IS NULL\n          AND (\n              t.id IN (\n                  SELECT task_id FROM ph_project_tasks \n                  WHERE project_id = 19993 AND workspace_id = 1187\n              )\n              OR t.root_id IN (\n                  SELECT task_id FROM ph_project_tasks \n                  WHERE project_id = 19993 AND workspace_id = 1187\n              )\n          )\n        ORDER BY t.id\n    ","stack":"Error: Unknown column 't.constraint_type' in 'field list'\n    at query (file:///var/www/html/sushant/gantt-node-server/src/utils/db.js:35:35)\n    at recalculateImpact (file:///var/www/html/sushant/gantt-node-server/src/services/ganttEngine.js:285:25)\n    at process.processTicksAndRejections (node:internal/process/task_queues:103:5)\n    at async recalculateImpact (file:///var/www/html/sushant/gantt-node-server/src/controllers/ganttController.js:48:24)"}
2026-04-23 10:32:10 [INFO] [cc94ed92] POST /api/gantt/recalculate-impact - 493ms - 500 {"requestBody":{"workspace_id":1187,"project_id":19993,"task_id":39187},"responseBody":{"success":false,"message":"Unknown column 't.constraint_type' in 'field list'"}}
2026-04-23 10:33:25 [INFO] MySQL connection pool created
2026-04-23 10:33:25 [INFO] gantt-node-server started on port 3001
2026-04-23 10:33:29 [INFO] Recalculate schedule started {"taskCount":11,"linkCount":5,"durationUnit":"day","autoSchedule":1}
2026-04-23 10:33:29 [ERROR] [recalculateImpact] Error: dateStr.match is not a function {"stack":"TypeError: dateStr.match is not a function\n    at toGanttDate (file:///var/www/html/sushant/gantt-node-server/src/services/ganttEngine.js:27:27)\n    at normaliseTask (file:///var/www/html/sushant/gantt-node-server/src/services/ganttEngine.js:84:37)\n    at file:///var/www/html/sushant/gantt-node-server/src/services/ganttEngine.js:121:38\n    at Array.map (<anonymous>)\n    at recalculateSchedule (file:///var/www/html/sushant/gantt-node-server/src/services/ganttEngine.js:121:29)\n    at recalculateImpact (file:///var/www/html/sushant/gantt-node-server/src/services/ganttEngine.js:313:20)\n    at process.processTicksAndRejections (node:internal/process/task_queues:103:5)\n    at async recalculateImpact (file:///var/www/html/sushant/gantt-node-server/src/controllers/ganttController.js:48:24)"}
2026-04-23 10:33:29 [INFO] [419b3c42] POST /api/gantt/recalculate-impact - 1738ms - 500 {"requestBody":{"workspace_id":1187,"project_id":19993,"task_id":39187},"responseBody":{"success":false,"message":"dateStr.match is not a function"}}
2026-04-23 10:34:53 [INFO] MySQL connection pool created
2026-04-23 10:34:53 [INFO] gantt-node-server started on port 3001
2026-04-23 10:34:53 [INFO] MySQL connection pool created
2026-04-23 10:34:53 [INFO] gantt-node-server started on port 3001
2026-04-23 10:34:57 [INFO] MySQL connection pool created
2026-04-23 10:34:57 [INFO] gantt-node-server started on port 3001
2026-04-23 10:35:02 [INFO] Recalculate schedule started {"taskCount":11,"linkCount":5,"durationUnit":"day","autoSchedule":1}
2026-04-23 10:35:02 [INFO] Recalculate schedule completed {"updatedCount":0,"impactedIds":[]}
2026-04-23 10:35:02 [INFO] Impact recalculation for task 39187 (project 19993) {"impactedCount":0}
2026-04-23 10:35:02 [INFO] [2b85d217] POST /api/gantt/recalculate-impact - 1771ms - 200 {"requestBody":{"workspace_id":1187,"project_id":19993,"task_id":39187},"responseBody":{"success":true,"message":"Impact recalculation complete","data":{"updatedTasks":[],"impactedTaskIds":[]}}}
2026-04-23 10:36:58 [INFO] Recalculate schedule started {"taskCount":11,"linkCount":5,"durationUnit":"day","autoSchedule":1}
2026-04-23 10:36:58 [INFO] Recalculate schedule completed {"updatedCount":0,"impactedIds":[]}
2026-04-23 10:36:58 [INFO] Impact recalculation for task 39187 (project 19993) {"impactedCount":0}
2026-04-23 10:36:58 [INFO] [abd4edeb] POST /api/gantt/recalculate-impact - 765ms - 200 {"requestBody":{"workspace_id":1187,"project_id":19993,"task_id":39187},"responseBody":{"success":true,"message":"Impact recalculation complete","data":{"updatedTasks":[],"impactedTaskIds":[]}}}
2026-04-23 10:37:26 [INFO] Recalculate schedule started {"taskCount":11,"linkCount":5,"durationUnit":"day","autoSchedule":1}
2026-04-23 10:37:26 [INFO] Recalculate schedule completed {"updatedCount":0,"impactedIds":[]}
2026-04-23 10:37:26 [INFO] Impact recalculation for task 39187 (project 19993) {"impactedCount":0}
2026-04-23 10:37:26 [INFO] [055419e3] POST /api/gantt/recalculate-impact - 828ms - 200 {"requestBody":{"workspace_id":1187,"project_id":19993,"task_id":39187},"responseBody":{"success":true,"message":"Impact recalculation complete","data":{"updatedTasks":[],"impactedTaskIds":[]}}}
2026-04-23 10:44:12 [INFO] Recalculate schedule started {"taskCount":12,"linkCount":5,"durationUnit":"day","autoSchedule":1}
2026-04-23 10:44:12 [INFO] Recalculate schedule completed {"updatedCount":2,"impactedIds":[38818,39188]}
2026-04-23 10:44:12 [INFO] Impact recalculation for task 39187 (project 19993) {"impactedCount":2}
2026-04-23 10:44:12 [INFO] [c295449d] POST /api/gantt/recalculate-impact - 798ms - 200 {"requestBody":{"workspace_id":1187,"project_id":19993,"task_id":39187},"responseBody":{"success":true,"message":"Impact recalculation complete","data":{"updatedTasks":[{"id":38818,"start_date":"01-05-2025 10:37","end_date":"04-05-2026 10:37","duration":262,"start_at":"01-05-2025 10:37","due_at":"04-05-2026 10:37"},{"id":39188,"start_date":"27-04-2016 10:37","end_date":"01-05-2025 10:37","duration":2351,"start_at":"27-04-2016 10:37","due_at":"01-05-2025 10:37"}],"impactedTaskIds":[38818,39188]}}}
2026-04-23 16:56:26 [INFO] MySQL connection pool created
2026-04-23 16:56:26 [INFO] gantt-node-server started on port 3001
2026-04-23 17:39:16 [INFO] MySQL connection pool created
2026-04-23 17:39:16 [INFO] gantt-node-server started on port 3001
2026-04-23 17:40:34 [INFO] Recalculate schedule started {"taskCount":12,"linkCount":5,"durationUnit":"day","autoSchedule":1}
2026-04-23 17:40:34 [INFO] Recalculate schedule completed {"updatedCount":2,"impactedIds":[38818,39188]}
2026-04-23 17:40:34 [INFO] Impact recalculation for task 39187 (project 19993) {"impactedCount":2}
2026-04-23 17:40:34 [INFO] [995c045c] POST /api/gantt/recalculate-impact - 1789ms - 200 {"requestBody":{"workspace_id":1187,"project_id":19993,"task_id":39187},"responseBody":{"success":true,"message":"Impact recalculation complete","data":{"updatedTasks":[{"id":38818,"start_date":"01-05-2025 10:37","end_date":"04-05-2026 10:37","duration":262,"start_at":"01-05-2025 10:37","due_at":"04-05-2026 10:37"},{"id":39188,"start_date":"27-04-2016 10:37","end_date":"01-05-2025 10:37","duration":2351,"start_at":"27-04-2016 10:37","due_at":"01-05-2025 10:37"}],"impactedTaskIds":[38818,39188]}}}
2026-04-23 18:16:16 [INFO] Recalculate schedule started {"taskCount":16,"linkCount":11,"durationUnit":"day","autoSchedule":true}
2026-04-23 18:16:16 [INFO] Recalculate schedule completed {"updatedCount":9,"impactedIds":[4,5,7,8,9,12,13,15,16]}
2026-04-23 18:16:16 [INFO] [fef0f085] POST /api/gantt/recalculate - 22ms - 200 {"requestBody":{"tasks":[{"id":1,"name":"Website Redesign Project","type":"task","parent_id":null,"start_at":"2024-04-01 00:00:00","due_at":"2024-04-30 00:00:00","progress":20},{"id":2,"name":"Discovery Phase","type":"task","parent_id":1,"start_at":"2024-04-01 00:00:00","due_at":"2024-04-05 00:00:00","progress":100},{"id":3,"name":"Stakeholder Interviews","type":"task","parent_id":2,"start_at":"2024-04-01 00:00:00","due_at":"2024-04-03 00:00:00","progress":100},{"id":4,"name":"Requirements Document","type":"task","parent_id":2,"start_at":"2024-04-01 00:00:00","due_at":"2024-04-05 00:00:00","progress":100},{"id":5,"name":"Design Phase","type":"task","parent_id":1,"start_at":"2024-04-01 00:00:00","due_at":"2024-04-10 00:00:00","progress":50},{"id":6,"name":"Wireframes","type":"task","parent_id":5,"start_at":"2024-04-01 00:00:00","due_at":"2024-04-07 00:00:00","progress":80},{"id":7,"name":"UI Mockups","type":"task","parent_id":5,"start_at":"2024-04-01 00:00:00","due_at":"2024-04-10 00:00:00","progress":30},{"id":8,"name":"Design Review","type":"approval","parent_id":5,"start_at":"2024-04-01 00:00:00","due_at":"2024-04-11 00:00:00","progress":0},{"id":9,"name":"Development Phase","type":"task","parent_id":1,"start_at":"2024-04-01 00:00:00","due_at":"2024-04-25 00:00:00","progress":0},{"id":10,"name":"Frontend Development","type":"task","parent_id":9,"start_at":"2024-04-01 00:00:00","due_at":"2024-04-18 00:00:00","progress":0},{"id":11,"name":"Backend Development","type":"task","parent_id":9,"start_at":"2024-04-01 00:00:00","due_at":"2024-04-20 00:00:00","progress":0},{"id":12,"name":"API Integration","type":"task","parent_id":9,"start_at":"2024-04-01 00:00:00","due_at":"2024-04-25 00:00:00","progress":0},{"id":13,"name":"Testing Phase","type":"task","parent_id":1,"start_at":"2024-04-01 00:00:00","due_at":"2024-04-28 00:00:00","progress":0},{"id":14,"name":"QA Testing","type":"task","parent_id":13,"start_at":"2024-04-01 00:00:00","due_at":"2024-04-26 00:00:00","progress":0},{"id":15,"name":"Bug Fixes","type":"task","parent_id":13,"start_at":"2024-04-01 00:00:00","due_at":"2024-04-28 00:00:00","progress":0},{"id":16,"name":"Launch Approval","type":"approval","parent_id":1,"start_at":"2024-04-01 00:00:00","due_at":"2024-04-29 00:00:00","progress":0}],"links":[{"id":1,"source_task_id":3,"target_task_id":4,"type":"finish_to_start"},{"id":2,"source_task_id":2,"target_task_id":5,"type":"finish_to_start"},{"id":3,"source_task_id":6,"target_task_id":7,"type":"finish_to_start"},{"id":4,"source_task_id":7,"target_task_id":8,"type":"finish_to_start"},{"id":5,"source_task_id":5,"target_task_id":9,"type":"finish_to_start"},{"id":6,"source_task_id":10,"target_task_id":11,"type":"start_to_start"},{"id":7,"source_task_id":11,"target_task_id":12,"type":"finish_to_start"},{"id":8,"source_task_id":10,"target_task_id":12,"type":"finish_to_finish"},{"id":9,"source_task_id":9,"target_task_id":13,"type":"finish_to_start"},{"id":10,"source_task_id":14,"target_task_id":15,"type":"finish_to_start"},{"id":11,"source_task_id":13,"target_task_id":16,"type":"finish_to_start"}],"config":{"auto_schedule_tasks":true,"duration_unit":"day","work_time":true,"work_days":[1,2,3,4,5],"holidays":["2024-04-14","2024-04-21"]}},"responseBody":{"success":true,"message":"Recalculation complete","data":{"updatedTasks":[{"id":4,"start_date":"03-04-2024 00:00","end_date":"09-04-2024 00:00","duration":4,"start_at":"03-04-2024 00:00","due_at":"09-04-2024 00:00"},{"id":5,"start_date":"05-04-2024 00:00","end_date":"16-04-2024 00:00","duration":7,"start_at":"05-04-2024 00:00","due_at":"16-04-2024 00:00"},{"id":7,"start_date":"08-04-2024 00:00","end_date":"17-04-2024 00:00","duration":7,"start_at":"08-04-2024 00:00","due_at":"17-04-2024 00:00"},{"id":8,"start_date":"17-04-2024 00:00","end_date":"27-04-2024 00:00","duration":8,"start_at":"17-04-2024 00:00","due_at":"27-04-2024 00:00"},{"id":9,"start_date":"16-04-2024 00:00","end_date":"10-05-2024 00:00","duration":18,"start_at":"16-04-2024 00:00","due_at":"10-05-2024 00:00"},{"id":12,"start_date":"22-04-2024 00:00","end_date":"16-05-2024 00:00","duration":18,"start_at":"22-04-2024 00:00","due_at":"16-05-2024 00:00"},{"id":13,"start_date":"10-05-2024 00:00","end_date":"07-06-2024 00:00","duration":20,"start_at":"10-05-2024 00:00","due_at":"07-06-2024 00:00"},{"id":15,"start_date":"26-04-2024 00:00","end_date":"24-05-2024 00:00","duration":20,"start_at":"26-04-2024 00:00","due_at":"24-05-2024 00:00"},{"id":16,"start_date":"07-06-2024 00:00","end_date":"05-07-2024 00:00","duration":20,"start_at":"07-06-2024 00:00","due_at":"05-07-2024 00:00"}],"impactedTaskIds":[4,5,7,8,9,12,13,15,16]}}}
2026-04-23 18:29:03 [INFO] MySQL connection pool created
2026-04-23 18:29:03 [INFO] gantt-node-server started on port 3001
2026-04-23 18:29:07 [INFO] MySQL connection pool created
2026-04-23 18:29:07 [INFO] gantt-node-server started on port 3001
2026-04-23 18:29:34 [INFO] MySQL connection pool created
2026-04-23 18:29:34 [INFO] gantt-node-server started on port 3001
2026-04-23 18:30:01 [INFO] MySQL connection pool created
2026-04-23 18:30:01 [INFO] gantt-node-server started on port 3001
2026-04-23 18:30:18 [INFO] MySQL connection pool created
2026-04-23 18:30:18 [INFO] gantt-node-server started on port 3001
2026-04-23 18:32:07 [INFO] MySQL connection pool created
2026-04-23 18:32:07 [INFO] gantt-node-server started on port 3001
2026-04-23 18:32:12 [INFO] MySQL connection pool created
2026-04-23 18:32:12 [INFO] gantt-node-server started on port 3001
2026-04-23 18:32:17 [INFO] Recalculate schedule started {"taskCount":12,"linkCount":5,"durationUnit":"day","autoSchedule":1}
2026-04-23 18:32:17 [INFO] Recalculate schedule completed {"updatedCount":2,"impactedIds":[38818,39188]}
2026-04-23 18:32:17 [INFO] Impact recalculation for task 39187 (project 19993) {"impactedCount":2}
2026-04-23 18:32:17 [INFO] [3c3f0536] POST /api/gantt/recalculate-impact - 1651ms - 200 {"requestBody":{"workspace_id":1187,"project_id":19993,"task_id":39187},"responseBody":{"success":true,"message":"Impact recalculation complete","data":{"updatedTasks":[{"id":38818,"start_date":"01-05-2025 10:37","end_date":"04-05-2026 10:37","duration":262,"start_at":"01-05-2025 10:37","due_at":"04-05-2026 10:37"},{"id":39188,"start_date":"27-04-2016 10:37","end_date":"01-05-2025 10:37","duration":2351,"start_at":"27-04-2016 10:37","due_at":"01-05-2025 10:37"}],"impactedTaskIds":[38818,39188]}}}
2026-04-23 18:49:17 [INFO] Recalculate schedule started {"taskCount":12,"linkCount":5,"durationUnit":"day","autoSchedule":1}
2026-04-23 18:49:17 [INFO] Recalculate schedule completed {"updatedCount":2,"impactedIds":[38818,39188]}
2026-04-23 18:49:17 [INFO] Impact recalculation for task 39187 (project 19993) {"impactedCount":2}
2026-04-23 18:49:17 [INFO] [e74a4555] POST /api/gantt/recalculate-impact - 751ms - 200 {"requestBody":{"workspace_id":1187,"project_id":19993,"task_id":39187},"responseBody":{"success":true,"message":"Impact recalculation complete","data":{"updatedTasks":[{"id":38818,"start_date":"01-05-2025 10:37","end_date":"04-05-2026 10:37","duration":262,"start_at":"01-05-2025 10:37","due_at":"04-05-2026 10:37"},{"id":39188,"start_date":"27-04-2016 10:37","end_date":"01-05-2025 10:37","duration":2351,"start_at":"27-04-2016 10:37","due_at":"01-05-2025 10:37"}],"impactedTaskIds":[38818,39188]}}}
2026-04-23 18:50:14 [INFO] MySQL connection pool created
2026-04-23 18:50:14 [INFO] gantt-node-server started on port 3001
2026-04-23 18:52:01 [INFO] MySQL connection pool created
2026-04-23 18:52:01 [INFO] gantt-node-server started on port 3001
2026-04-23 18:55:12 [INFO] MySQL connection pool created
2026-04-23 18:55:12 [INFO] gantt-node-server started on port 3001
2026-04-23 18:58:48 [INFO] MySQL connection pool created
2026-04-23 18:58:48 [INFO] gantt-node-server started on port 3001
2026-04-23 18:59:54 [ERROR] DB Query Error {"sql":"SELECT \n            auto_schedule_tasks,\n            start_date AS project_start,\n            due_date   AS project_end\n         FROM ph_projects\n         WHERE workspace_id = ? AND id = ?","params":[1187,19993],"error":"connect ETIMEDOUT"}
2026-04-23 18:59:54 [ERROR] [recalculateImpact] Error: connect ETIMEDOUT {"errorno":"ETIMEDOUT","code":"ETIMEDOUT","syscall":"connect","fatal":true,"stack":"Error: connect ETIMEDOUT\n    at query (file:///var/www/html/sushant/gantt-node-server/src/utils/db.js:36:35)\n    at recalculateImpact (file:///var/www/html/sushant/gantt-node-server/src/services/ganttEngine.js:251:29)\n    at recalculateImpact (file:///var/www/html/sushant/gantt-node-server/src/controllers/ganttController.js:47:30)\n    at Layer.handleRequest (/var/www/html/sushant/gantt-node-server/node_modules/router/lib/layer.js:152:17)\n    at next (/var/www/html/sushant/gantt-node-server/node_modules/router/lib/route.js:157:13)\n    at Route.dispatch (/var/www/html/sushant/gantt-node-server/node_modules/router/lib/route.js:117:3)\n    at handle (/var/www/html/sushant/gantt-node-server/node_modules/router/index.js:435:11)\n    at Layer.handleRequest (/var/www/html/sushant/gantt-node-server/node_modules/router/lib/layer.js:152:17)\n    at /var/www/html/sushant/gantt-node-server/node_modules/router/index.js:295:15\n    at processParams (/var/www/html/sushant/gantt-node-server/node_modules/router/index.js:582:12)"}
2026-04-23 18:59:54 [INFO] [3896b06c] POST /api/gantt/recalculate-impact - 10014ms - 500 {"requestBody":{"workspace_id":1187,"project_id":19993,"task_id":39187},"responseBody":{"success":false,"message":"connect ETIMEDOUT"}}
2026-04-23 19:00:57 [ERROR] DB Query Error {"sql":"SELECT \n            auto_schedule_tasks,\n            start_date AS project_start,\n            due_date   AS project_end\n         FROM ph_projects\n         WHERE workspace_id = ? AND id = ?","params":[1187,19993],"error":"read ECONNRESET"}
2026-04-23 19:00:57 [ERROR] [recalculateImpact] Error: read ECONNRESET {"errno":-104,"code":"ECONNRESET","syscall":"read","fatal":true,"stack":"Error: read ECONNRESET\n    at query (file:///var/www/html/sushant/gantt-node-server/src/utils/db.js:36:35)\n    at recalculateImpact (file:///var/www/html/sushant/gantt-node-server/src/services/ganttEngine.js:251:29)\n    at recalculateImpact (file:///var/www/html/sushant/gantt-node-server/src/controllers/ganttController.js:47:30)\n    at Layer.handleRequest (/var/www/html/sushant/gantt-node-server/node_modules/router/lib/layer.js:152:17)\n    at next (/var/www/html/sushant/gantt-node-server/node_modules/router/lib/route.js:157:13)\n    at Route.dispatch (/var/www/html/sushant/gantt-node-server/node_modules/router/lib/route.js:117:3)\n    at handle (/var/www/html/sushant/gantt-node-server/node_modules/router/index.js:435:11)\n    at Layer.handleRequest (/var/www/html/sushant/gantt-node-server/node_modules/router/lib/layer.js:152:17)\n    at /var/www/html/sushant/gantt-node-server/node_modules/router/index.js:295:15\n    at processParams (/var/www/html/sushant/gantt-node-server/node_modules/router/index.js:582:12)"}
2026-04-23 19:00:59 [INFO] [cb397608] POST /api/gantt/recalculate - 1ms - 400 {"requestBody":{"workspace_id":1187,"project_id":19993,"task_id":39187},"responseBody":{"success":false,"message":"`tasks` array is required"}}
2026-04-23 19:01:22 [INFO] Recalculate schedule started {"taskCount":12,"linkCount":5,"durationUnit":"day","autoSchedule":1}
2026-04-23 19:01:22 [INFO] Recalculate schedule completed {"updatedCount":2,"impactedIds":[38818,39188]}
2026-04-23 19:01:22 [INFO] Impact recalculation for task 39187 (project 19993) {"impactedCount":2}
2026-04-23 19:01:22 [INFO] [c78a746a] POST /api/gantt/recalculate-impact - 1854ms - 200 {"requestBody":{"workspace_id":1187,"project_id":19993,"task_id":39187},"responseBody":{"success":true,"message":"Impact recalculation complete","data":{"updatedTasks":[{"id":38818,"start_date":"01-05-2025 10:37","end_date":"04-05-2026 10:37","duration":262,"start_at":"01-05-2025 10:37","due_at":"04-05-2026 10:37"},{"id":39188,"start_date":"27-04-2016 10:37","end_date":"01-05-2025 10:37","duration":2351,"start_at":"27-04-2016 10:37","due_at":"01-05-2025 10:37"}],"impactedTaskIds":[38818,39188]}}}
2026-04-23 19:01:26 [INFO] Recalculate schedule started {"taskCount":12,"linkCount":5,"durationUnit":"day","autoSchedule":1}
2026-04-23 19:01:26 [INFO] Recalculate schedule completed {"updatedCount":2,"impactedIds":[38818,39188]}
2026-04-23 19:01:26 [INFO] Impact recalculation for task 39187 (project 19993) {"impactedCount":2}
2026-04-23 19:01:26 [INFO] [7b5f018a] POST /api/gantt/recalculate-impact - 814ms - 200 {"requestBody":{"workspace_id":1187,"project_id":19993,"task_id":39187},"responseBody":{"success":true,"message":"Impact recalculation complete","data":{"updatedTasks":[{"id":38818,"start_date":"01-05-2025 10:37","end_date":"04-05-2026 10:37","duration":262,"start_at":"01-05-2025 10:37","due_at":"04-05-2026 10:37"},{"id":39188,"start_date":"27-04-2016 10:37","end_date":"01-05-2025 10:37","duration":2351,"start_at":"27-04-2016 10:37","due_at":"01-05-2025 10:37"}],"impactedTaskIds":[38818,39188]}}}
2026-04-23 19:01:43 [INFO] Recalculate schedule started {"taskCount":12,"linkCount":5,"durationUnit":"day","autoSchedule":1}
2026-04-23 19:01:43 [INFO] Recalculate schedule completed {"updatedCount":2,"impactedIds":[38818,39188]}
2026-04-23 19:01:43 [INFO] Impact recalculation for task 39187 (project 19993) {"impactedCount":2}
2026-04-23 19:01:43 [INFO] [8c562e2c] POST /api/gantt/recalculate-impact - 1273ms - 200 {"requestBody":{"workspace_id":1187,"project_id":19993,"task_id":39187},"responseBody":{"success":true,"message":"Impact recalculation complete","data":{"updatedTasks":[{"id":38818,"start_date":"01-05-2025 10:37","end_date":"04-05-2026 10:37","duration":262,"start_at":"01-05-2025 10:37","due_at":"04-05-2026 10:37"},{"id":39188,"start_date":"27-04-2016 10:37","end_date":"01-05-2025 10:37","duration":2351,"start_at":"27-04-2016 10:37","due_at":"01-05-2025 10:37"}],"impactedTaskIds":[38818,39188]}}}
2026-04-23 19:03:19 [INFO] MySQL connection pool created
2026-04-23 19:03:19 [INFO] gantt-node-server started on port 3001
