2026-04-29 12:04:53 [INFO] MySQL connection pool created
2026-04-29 12:04:53 [INFO] gantt-node-server started on port 3001
2026-04-29 12:07:04 [INFO] recalculateSchedule started {"taskCount":5,"linkCount":0}
2026-04-29 12:07:04 [INFO] recalculateSchedule done {"updatedCount":5}
2026-04-29 12:07:04 [INFO] recalculateImpact done for task 41212 {"projectId":34306,"impacted":5,"projectChanged":true}
2026-04-29 12:07:04 [INFO] [e94deb70] POST /api/gantt/recalculate-impact - 2531ms - 200 {"requestBody":{"workspace_id":1187,"project_id":34306,"task_id":41212},"responseBody":{"success":true,"message":"Impact recalculation complete","data":{"updatedTasks":[{"id":41208,"start_at":"2026-04-07 00:00:00","due_at":"2026-05-02 00:00:00","duration":19},{"id":41209,"start_at":"2026-04-07 00:00:00","due_at":"2026-05-02 00:00:00","duration":19},{"id":41210,"start_at":"2026-04-07 00:00:00","due_at":"2026-05-02 00:00:00","duration":19},{"id":41211,"start_at":"2026-04-07 00:00:00","due_at":"2026-05-02 00:00:00","duration":19},{"id":41212,"start_at":"2026-04-07 00:00:00","due_at":"2026-05-02 00:00:00","duration":19}],"impactedTaskIds":[41208,41209,41210,41211,41212],"project":{"id":34306,"start_at":"2026-04-07 00:00:00","due_at":"2026-05-02 00:00:00"}}}}
2026-04-29 12:14:31 [INFO] recalculateSchedule started {"taskCount":5,"linkCount":0}
2026-04-29 12:14:31 [INFO] recalculateSchedule done {"updatedCount":5}
2026-04-29 12:14:31 [INFO] recalculateImpact done for task 41209 {"projectId":34306,"impacted":5,"projectChanged":true}
2026-04-29 12:14:31 [INFO] [d59a1c3f] POST /api/gantt/recalculate-impact - 1006ms - 200 {"requestBody":{"workspace_id":1187,"project_id":34306,"task_id":41209},"responseBody":{"success":true,"message":"Impact recalculation complete","data":{"updatedTasks":[{"id":41208,"start_at":"2026-04-07 00:00:00","due_at":"2026-05-02 00:00:00","duration":19},{"id":41209,"start_at":"2026-04-07 00:00:00","due_at":"2026-05-02 00:00:00","duration":19},{"id":41210,"start_at":"2026-04-07 00:00:00","due_at":"2026-05-02 00:00:00","duration":19},{"id":41211,"start_at":"2026-04-07 00:00:00","due_at":"2026-05-02 00:00:00","duration":19},{"id":41212,"start_at":"2026-04-07 00:00:00","due_at":"2026-05-02 00:00:00","duration":19}],"impactedTaskIds":[41208,41209,41210,41211,41212],"project":{"id":34306,"start_at":"2026-04-07 00:00:00","due_at":"2026-05-02 00:00:00"}}}}
2026-04-29 12:17:12 [INFO] recalculateSchedule started {"taskCount":6,"linkCount":0}
2026-04-29 12:17:12 [INFO] recalculateSchedule done {"updatedCount":6}
2026-04-29 12:17:12 [INFO] recalculateImpact done for task 41222 {"projectId":34306,"impacted":6,"projectChanged":true}
2026-04-29 12:17:12 [INFO] [3674783a] POST /api/gantt/recalculate-impact - 1073ms - 200 {"requestBody":{"workspace_id":1187,"project_id":34306,"task_id":41222},"responseBody":{"success":true,"message":"Impact recalculation complete","data":{"updatedTasks":[{"id":41208,"start_at":"2026-04-07 00:00:00","due_at":"2026-05-02 00:00:00","duration":19},{"id":41209,"start_at":"2026-04-07 00:00:00","due_at":"2026-05-02 00:00:00","duration":19},{"id":41210,"start_at":"2026-04-07 00:00:00","due_at":"2026-05-02 00:00:00","duration":19},{"id":41211,"start_at":"2026-04-07 00:00:00","due_at":"2026-05-02 00:00:00","duration":19},{"id":41212,"start_at":"2026-04-07 00:00:00","due_at":"2026-05-02 00:00:00","duration":19},{"id":41222,"start_at":"2026-04-07 00:00:00","due_at":"2026-04-09 00:00:00","duration":2}],"impactedTaskIds":[41208,41209,41210,41211,41212,41222],"project":{"id":34306,"start_at":"2026-04-07 00:00:00","due_at":"2026-04-09 00:00:00"}}}}
2026-04-29 12:21:42 [INFO] MySQL connection pool created
2026-04-29 12:21:42 [INFO] gantt-node-server started on port 3001
2026-04-29 12:21:45 [INFO] MySQL connection pool created
2026-04-29 12:21:45 [INFO] gantt-node-server started on port 3001
2026-04-29 12:21:50 [INFO] recalculateSchedule started {"taskCount":6,"linkCount":0}
2026-04-29 12:21:50 [INFO] recalculateSchedule done {"updatedCount":5}
2026-04-29 12:21:50 [INFO] recalculateImpact done for task 41222 {"projectId":34306,"impacted":5,"projectChanged":true}
2026-04-29 12:21:50 [INFO] [affb1c56] POST /api/gantt/recalculate-impact - 2072ms - 200 {"requestBody":{"workspace_id":1187,"project_id":34306,"task_id":41222},"responseBody":{"success":true,"message":"Impact recalculation complete","data":{"updatedTasks":[{"id":41208,"start_at":"2026-04-07 00:00:00","due_at":"2026-05-02 00:00:00","duration":19},{"id":41209,"start_at":"2026-04-07 00:00:00","due_at":"2026-05-02 00:00:00","duration":19},{"id":41210,"start_at":"2026-04-07 00:00:00","due_at":"2026-05-02 00:00:00","duration":19},{"id":41211,"start_at":"2026-04-07 00:00:00","due_at":"2026-05-02 00:00:00","duration":19},{"id":41212,"start_at":"2026-04-07 00:00:00","due_at":"2026-05-02 00:00:00","duration":19}],"impactedTaskIds":[41208,41209,41210,41211,41212],"project":{"id":34306,"start_at":"2026-04-07 00:00:00","due_at":"2026-04-10 04:30:00"}}}}
